Analysis & Synthesis report for DE1_SoC
Fri Nov 13 02:13:37 2020
Quartus Prime Version 17.0.0 Build 595 04/25/2017 SJ Lite Edition


---------------------
; Table of Contents ;
---------------------
  1. Legal Notice
  2. Analysis & Synthesis Summary
  3. Analysis & Synthesis Settings
  4. Parallel Compilation
  5. Analysis & Synthesis Source Files Read
  6. Analysis & Synthesis Resource Usage Summary
  7. Analysis & Synthesis Resource Utilization by Entity
  8. General Register Statistics
  9. Parameter Settings for User Entity Instance: mux2_1:flag[0].m
 10. Parameter Settings for User Entity Instance: mux2_1:flag[1].m
 11. Parameter Settings for User Entity Instance: mux2_1:flag[2].m
 12. Parameter Settings for User Entity Instance: mux2_1:flag[3].m
 13. Post-Synthesis Netlist Statistics for Top Partition
 14. Elapsed Time Per Partition
 15. Analysis & Synthesis Messages
 16. Analysis & Synthesis Suppressed Messages



----------------
; Legal Notice ;
----------------
Copyright (C) 2017  Intel Corporation. All rights reserved.
Your use of Intel Corporation's design tools, logic functions 
and other software and tools, and its AMPP partner logic 
functions, and any output files from any of the foregoing 
(including device programming or simulation files), and any 
associated documentation or information are expressly subject 
to the terms and conditions of the Intel Program License 
Subscription Agreement, the Intel Quartus Prime License Agreement,
the Intel MegaCore Function License Agreement, or other 
applicable license agreement, including, without limitation, 
that your use is for the sole purpose of programming logic 
devices manufactured by Intel and sold by Intel or its 
authorized distributors.  Please refer to the applicable 
agreement for further details.



+-------------------------------------------------------------------------------+
; Analysis & Synthesis Summary                                                  ;
+---------------------------------+---------------------------------------------+
; Analysis & Synthesis Status     ; Successful - Fri Nov 13 02:13:37 2020       ;
; Quartus Prime Version           ; 17.0.0 Build 595 04/25/2017 SJ Lite Edition ;
; Revision Name                   ; DE1_SoC                                     ;
; Top-level Entity Name           ; flag_register                               ;
; Family                          ; Cyclone V                                   ;
; Logic utilization (in ALMs)     ; N/A                                         ;
; Total registers                 ; 0                                           ;
; Total pins                      ; 11                                          ;
; Total virtual pins              ; 0                                           ;
; Total block memory bits         ; 0                                           ;
; Total DSP Blocks                ; 0                                           ;
; Total HSSI RX PCSs              ; 0                                           ;
; Total HSSI PMA RX Deserializers ; 0                                           ;
; Total HSSI TX PCSs              ; 0                                           ;
; Total HSSI PMA TX Serializers   ; 0                                           ;
; Total PLLs                      ; 0                                           ;
; Total DLLs                      ; 0                                           ;
+---------------------------------+---------------------------------------------+


+---------------------------------------------------------------------------------------------------------------------------+
; Analysis & Synthesis Settings                                                                                             ;
+---------------------------------------------------------------------------------+--------------------+--------------------+
; Option                                                                          ; Setting            ; Default Value      ;
+---------------------------------------------------------------------------------+--------------------+--------------------+
; Device                                                                          ; 5CSEMA5F31C6       ;                    ;
; Top-level entity name                                                           ; flag_register      ; DE1_SoC            ;
; Family name                                                                     ; Cyclone V          ; Cyclone V          ;
; State Machine Processing                                                        ; User-Encoded       ; Auto               ;
; Use smart compilation                                                           ; Off                ; Off                ;
; Enable parallel Assembler and TimeQuest Timing Analyzer during compilation      ; On                 ; On                 ;
; Enable compact report table                                                     ; Off                ; Off                ;
; Restructure Multiplexers                                                        ; Auto               ; Auto               ;
; MLAB Add Timing Constraints For Mixed-Port Feed-Through Mode Setting Don't Care ; Off                ; Off                ;
; Create Debugging Nodes for IP Cores                                             ; Off                ; Off                ;
; Preserve fewer node names                                                       ; On                 ; On                 ;
; OpenCore Plus hardware evaluation                                               ; Enable             ; Enable             ;
; Verilog Version                                                                 ; Verilog_2001       ; Verilog_2001       ;
; VHDL Version                                                                    ; VHDL_1993          ; VHDL_1993          ;
; Safe State Machine                                                              ; Off                ; Off                ;
; Extract Verilog State Machines                                                  ; On                 ; On                 ;
; Extract VHDL State Machines                                                     ; On                 ; On                 ;
; Ignore Verilog initial constructs                                               ; Off                ; Off                ;
; Iteration limit for constant Verilog loops                                      ; 5000               ; 5000               ;
; Iteration limit for non-constant Verilog loops                                  ; 250                ; 250                ;
; Add Pass-Through Logic to Inferred RAMs                                         ; On                 ; On                 ;
; Infer RAMs from Raw Logic                                                       ; On                 ; On                 ;
; Parallel Synthesis                                                              ; On                 ; On                 ;
; DSP Block Balancing                                                             ; Auto               ; Auto               ;
; NOT Gate Push-Back                                                              ; On                 ; On                 ;
; Power-Up Don't Care                                                             ; On                 ; On                 ;
; Remove Redundant Logic Cells                                                    ; Off                ; Off                ;
; Remove Duplicate Registers                                                      ; On                 ; On                 ;
; Ignore CARRY Buffers                                                            ; Off                ; Off                ;
; Ignore CASCADE Buffers                                                          ; Off                ; Off                ;
; Ignore GLOBAL Buffers                                                           ; Off                ; Off                ;
; Ignore ROW GLOBAL Buffers                                                       ; Off                ; Off                ;
; Ignore LCELL Buffers                                                            ; Off                ; Off                ;
; Ignore SOFT Buffers                                                             ; On                 ; On                 ;
; Limit AHDL Integers to 32 Bits                                                  ; Off                ; Off                ;
; Optimization Technique                                                          ; Balanced           ; Balanced           ;
; Carry Chain Length                                                              ; 70                 ; 70                 ;
; Auto Carry Chains                                                               ; On                 ; On                 ;
; Auto Open-Drain Pins                                                            ; On                 ; On                 ;
; Perform WYSIWYG Primitive Resynthesis                                           ; Off                ; Off                ;
; Auto ROM Replacement                                                            ; On                 ; On                 ;
; Auto RAM Replacement                                                            ; On                 ; On                 ;
; Auto DSP Block Replacement                                                      ; On                 ; On                 ;
; Auto Shift Register Replacement                                                 ; Auto               ; Auto               ;
; Allow Shift Register Merging across Hierarchies                                 ; Auto               ; Auto               ;
; Auto Clock Enable Replacement                                                   ; On                 ; On                 ;
; Strict RAM Replacement                                                          ; Off                ; Off                ;
; Allow Synchronous Control Signals                                               ; On                 ; On                 ;
; Force Use of Synchronous Clear Signals                                          ; Off                ; Off                ;
; Auto Resource Sharing                                                           ; Off                ; Off                ;
; Allow Any RAM Size For Recognition                                              ; Off                ; Off                ;
; Allow Any ROM Size For Recognition                                              ; Off                ; Off                ;
; Allow Any Shift Register Size For Recognition                                   ; Off                ; Off                ;
; Use LogicLock Constraints during Resource Balancing                             ; On                 ; On                 ;
; Ignore translate_off and synthesis_off directives                               ; Off                ; Off                ;
; Timing-Driven Synthesis                                                         ; On                 ; On                 ;
; Report Parameter Settings                                                       ; On                 ; On                 ;
; Report Source Assignments                                                       ; On                 ; On                 ;
; Report Connectivity Checks                                                      ; On                 ; On                 ;
; Ignore Maximum Fan-Out Assignments                                              ; Off                ; Off                ;
; Synchronization Register Chain Length                                           ; 3                  ; 3                  ;
; PowerPlay Power Optimization During Synthesis                                   ; Normal compilation ; Normal compilation ;
; HDL message level                                                               ; Level2             ; Level2             ;
; Suppress Register Optimization Related Messages                                 ; Off                ; Off                ;
; Number of Removed Registers Reported in Synthesis Report                        ; 5000               ; 5000               ;
; Number of Swept Nodes Reported in Synthesis Report                              ; 5000               ; 5000               ;
; Number of Inverted Registers Reported in Synthesis Report                       ; 100                ; 100                ;
; Clock MUX Protection                                                            ; On                 ; On                 ;
; Auto Gated Clock Conversion                                                     ; Off                ; Off                ;
; Block Design Naming                                                             ; Auto               ; Auto               ;
; SDC constraint protection                                                       ; Off                ; Off                ;
; Synthesis Effort                                                                ; Auto               ; Auto               ;
; Shift Register Replacement - Allow Asynchronous Clear Signal                    ; On                 ; On                 ;
; Pre-Mapping Resynthesis Optimization                                            ; Off                ; Off                ;
; Analysis & Synthesis Message Level                                              ; Medium             ; Medium             ;
; Disable Register Merging Across Hierarchies                                     ; Auto               ; Auto               ;
; Resource Aware Inference For Block RAM                                          ; On                 ; On                 ;
; Automatic Parallel Synthesis                                                    ; On                 ; On                 ;
; Partial Reconfiguration Bitstream ID                                            ; Off                ; Off                ;
+---------------------------------------------------------------------------------+--------------------+--------------------+


+------------------------------------------+
; Parallel Compilation                     ;
+----------------------------+-------------+
; Processors                 ; Number      ;
+----------------------------+-------------+
; Number detected on machine ; 8           ;
; Maximum allowed            ; 4           ;
;                            ;             ;
; Average used               ; 1.00        ;
; Maximum used               ; 1           ;
;                            ;             ;
; Usage by Processor         ; % Time Used ;
;     Processor 1            ; 100.0%      ;
+----------------------------+-------------+


+--------------------------------------------------------------------------------------------------------------------------------------------------------------------------------------------+
; Analysis & Synthesis Source Files Read                                                                                                                                                     ;
+----------------------------------+-----------------+------------------------------+----------------------------------------------------------------------------------------------+---------+
; File Name with User-Entered Path ; Used in Netlist ; File Type                    ; File Name with Absolute Path                                                                 ; Library ;
+----------------------------------+-----------------+------------------------------+----------------------------------------------------------------------------------------------+---------+
; mux2_1.sv                        ; yes             ; User SystemVerilog HDL File  ; C:/Users/heobi/Documents/School stuff/Classes/Junior/Fall/EE 469/Labs/Lab 3/mux2_1.sv        ;         ;
; D_FF.sv                          ; yes             ; User SystemVerilog HDL File  ; C:/Users/heobi/Documents/School stuff/Classes/Junior/Fall/EE 469/Labs/Lab 3/D_FF.sv          ;         ;
; flag_register.sv                 ; yes             ; User SystemVerilog HDL File  ; C:/Users/heobi/Documents/School stuff/Classes/Junior/Fall/EE 469/Labs/Lab 3/flag_register.sv ;         ;
+----------------------------------+-----------------+------------------------------+----------------------------------------------------------------------------------------------+---------+


+-----------------------------------------------------------+
; Analysis & Synthesis Resource Usage Summary               ;
+---------------------------------------------+-------------+
; Resource                                    ; Usage       ;
+---------------------------------------------+-------------+
; Estimate of Logic utilization (ALMs needed) ; 0           ;
;                                             ;             ;
; Combinational ALUT usage for logic          ; 0           ;
;     -- 7 input functions                    ; 0           ;
;     -- 6 input functions                    ; 0           ;
;     -- 5 input functions                    ; 0           ;
;     -- 4 input functions                    ; 0           ;
;     -- <=3 input functions                  ; 0           ;
;                                             ;             ;
; Dedicated logic registers                   ; 0           ;
;                                             ;             ;
; I/O pins                                    ; 11          ;
;                                             ;             ;
; Total DSP Blocks                            ; 0           ;
;                                             ;             ;
; Maximum fan-out node                        ; q[0]~output ;
; Maximum fan-out                             ; 1           ;
; Total fan-out                               ; 11          ;
; Average fan-out                             ; 0.50        ;
+---------------------------------------------+-------------+


+------------------------------------------------------------------------------------------------------------------------------------------------------------------------------------------+
; Analysis & Synthesis Resource Utilization by Entity                                                                                                                                      ;
+----------------------------+---------------------+---------------------------+-------------------+------------+------+--------------+---------------------+---------------+--------------+
; Compilation Hierarchy Node ; Combinational ALUTs ; Dedicated Logic Registers ; Block Memory Bits ; DSP Blocks ; Pins ; Virtual Pins ; Full Hierarchy Name ; Entity Name   ; Library Name ;
+----------------------------+---------------------+---------------------------+-------------------+------------+------+--------------+---------------------+---------------+--------------+
; |flag_register             ; 0 (0)               ; 0 (0)                     ; 0                 ; 0          ; 11   ; 0            ; |flag_register      ; flag_register ; work         ;
+----------------------------+---------------------+---------------------------+-------------------+------------+------+--------------+---------------------+---------------+--------------+
Note: For table entries with two numbers listed, the numbers in parentheses indicate the number of resources of the given type used by the specific entity alone. The numbers listed outside of parentheses indicate the total resources of the given type used by the specific entity and all of its sub-entities in the hierarchy.


+------------------------------------------------------+
; General Register Statistics                          ;
+----------------------------------------------+-------+
; Statistic                                    ; Value ;
+----------------------------------------------+-------+
; Total registers                              ; 0     ;
; Number of registers using Synchronous Clear  ; 0     ;
; Number of registers using Synchronous Load   ; 0     ;
; Number of registers using Asynchronous Clear ; 0     ;
; Number of registers using Asynchronous Load  ; 0     ;
; Number of registers using Clock Enable       ; 0     ;
; Number of registers using Preset             ; 0     ;
+----------------------------------------------+-------+


+---------------------------------------------------------------+
; Parameter Settings for User Entity Instance: mux2_1:flag[0].m ;
+----------------+-------+--------------------------------------+
; Parameter Name ; Value ; Type                                 ;
+----------------+-------+--------------------------------------+
; delay          ; 0.05  ; Signed Float                         ;
+----------------+-------+--------------------------------------+
Note: In order to hide this table in the UI and the text report file, please set the "Show Parameter Settings in Synthesis Report" option in "Analysis and Synthesis Settings -> More Settings" to "Off".


+---------------------------------------------------------------+
; Parameter Settings for User Entity Instance: mux2_1:flag[1].m ;
+----------------+-------+--------------------------------------+
; Parameter Name ; Value ; Type                                 ;
+----------------+-------+--------------------------------------+
; delay          ; 0.05  ; Signed Float                         ;
+----------------+-------+--------------------------------------+
Note: In order to hide this table in the UI and the text report file, please set the "Show Parameter Settings in Synthesis Report" option in "Analysis and Synthesis Settings -> More Settings" to "Off".


+---------------------------------------------------------------+
; Parameter Settings for User Entity Instance: mux2_1:flag[2].m ;
+----------------+-------+--------------------------------------+
; Parameter Name ; Value ; Type                                 ;
+----------------+-------+--------------------------------------+
; delay          ; 0.05  ; Signed Float                         ;
+----------------+-------+--------------------------------------+
Note: In order to hide this table in the UI and the text report file, please set the "Show Parameter Settings in Synthesis Report" option in "Analysis and Synthesis Settings -> More Settings" to "Off".


+---------------------------------------------------------------+
; Parameter Settings for User Entity Instance: mux2_1:flag[3].m ;
+----------------+-------+--------------------------------------+
; Parameter Name ; Value ; Type                                 ;
+----------------+-------+--------------------------------------+
; delay          ; 0.05  ; Signed Float                         ;
+----------------+-------+--------------------------------------+
Note: In order to hide this table in the UI and the text report file, please set the "Show Parameter Settings in Synthesis Report" option in "Analysis and Synthesis Settings -> More Settings" to "Off".


+-----------------------------------------------------+
; Post-Synthesis Netlist Statistics for Top Partition ;
+-----------------------+-----------------------------+
; Type                  ; Count                       ;
+-----------------------+-----------------------------+
; arriav_lcell_comb     ; 1                           ;
;     normal            ; 1                           ;
;         0 data inputs ; 1                           ;
; boundary_port         ; 11                          ;
;                       ;                             ;
; Max LUT depth         ; 0.00                        ;
; Average LUT depth     ; 0.00                        ;
+-----------------------+-----------------------------+


+-------------------------------+
; Elapsed Time Per Partition    ;
+----------------+--------------+
; Partition Name ; Elapsed Time ;
+----------------+--------------+
; Top            ; 00:00:00     ;
+----------------+--------------+


+-------------------------------+
; Analysis & Synthesis Messages ;
+-------------------------------+
Info: *******************************************************************
Info: Running Quartus Prime Analysis & Synthesis
    Info: Version 17.0.0 Build 595 04/25/2017 SJ Lite Edition
    Info: Processing started: Fri Nov 13 02:13:25 2020
Info: Command: quartus_map --read_settings_files=on --write_settings_files=off DE1_SoC -c DE1_SoC
Info (20030): Parallel compilation is enabled and will use 4 of the 4 processors detected
Warning (12019): Can't analyze file -- file DE1_SoC.sv is missing
Info (12021): Found 2 design units, including 2 entities, in source file zero_check.sv
    Info (12023): Found entity 1: zero_check File: C:/Users/heobi/Documents/School stuff/Classes/Junior/Fall/EE 469/Labs/Lab 3/zero_check.sv Line: 3
    Info (12023): Found entity 2: zero_check_testbench File: C:/Users/heobi/Documents/School stuff/Classes/Junior/Fall/EE 469/Labs/Lab 3/zero_check.sv Line: 18
Info (12021): Found 2 design units, including 2 entities, in source file register.sv
    Info (12023): Found entity 1: register File: C:/Users/heobi/Documents/School stuff/Classes/Junior/Fall/EE 469/Labs/Lab 3/register.sv Line: 3
    Info (12023): Found entity 2: register_testbench File: C:/Users/heobi/Documents/School stuff/Classes/Junior/Fall/EE 469/Labs/Lab 3/register.sv Line: 28
Info (12021): Found 1 design units, including 1 entities, in source file regfile.sv
    Info (12023): Found entity 1: regfile File: C:/Users/heobi/Documents/School stuff/Classes/Junior/Fall/EE 469/Labs/Lab 3/regfile.sv Line: 3
Info (12021): Found 2 design units, including 2 entities, in source file nor16_1.sv
    Info (12023): Found entity 1: nor16_1 File: C:/Users/heobi/Documents/School stuff/Classes/Junior/Fall/EE 469/Labs/Lab 3/nor16_1.sv Line: 3
    Info (12023): Found entity 2: nor16_1_testbench File: C:/Users/heobi/Documents/School stuff/Classes/Junior/Fall/EE 469/Labs/Lab 3/nor16_1.sv Line: 18
Info (12021): Found 2 design units, including 2 entities, in source file mux64x32_1.sv
    Info (12023): Found entity 1: mux64x32_1 File: C:/Users/heobi/Documents/School stuff/Classes/Junior/Fall/EE 469/Labs/Lab 3/mux64x32_1.sv Line: 3
    Info (12023): Found entity 2: mux64x32_1_testbench File: C:/Users/heobi/Documents/School stuff/Classes/Junior/Fall/EE 469/Labs/Lab 3/mux64x32_1.sv Line: 32
Info (12021): Found 2 design units, including 2 entities, in source file mux32_1.sv
    Info (12023): Found entity 1: mux32_1 File: C:/Users/heobi/Documents/School stuff/Classes/Junior/Fall/EE 469/Labs/Lab 3/mux32_1.sv Line: 3
    Info (12023): Found entity 2: mux32_1_testbench File: C:/Users/heobi/Documents/School stuff/Classes/Junior/Fall/EE 469/Labs/Lab 3/mux32_1.sv Line: 21
Info (12021): Found 2 design units, including 2 entities, in source file mux16_1.sv
    Info (12023): Found entity 1: mux16_1 File: C:/Users/heobi/Documents/School stuff/Classes/Junior/Fall/EE 469/Labs/Lab 3/mux16_1.sv Line: 3
    Info (12023): Found entity 2: mux16_1_testbench File: C:/Users/heobi/Documents/School stuff/Classes/Junior/Fall/EE 469/Labs/Lab 3/mux16_1.sv Line: 22
Info (12021): Found 2 design units, including 2 entities, in source file mux8_1.sv
    Info (12023): Found entity 1: mux8_1 File: C:/Users/heobi/Documents/School stuff/Classes/Junior/Fall/EE 469/Labs/Lab 3/mux8_1.sv Line: 3
    Info (12023): Found entity 2: mux8_1_testbench File: C:/Users/heobi/Documents/School stuff/Classes/Junior/Fall/EE 469/Labs/Lab 3/mux8_1.sv Line: 16
Info (12021): Found 2 design units, including 2 entities, in source file mux4_1.sv
    Info (12023): Found entity 1: mux4_1 File: C:/Users/heobi/Documents/School stuff/Classes/Junior/Fall/EE 469/Labs/Lab 3/mux4_1.sv Line: 3
    Info (12023): Found entity 2: mux4_1_testbench File: C:/Users/heobi/Documents/School stuff/Classes/Junior/Fall/EE 469/Labs/Lab 3/mux4_1.sv Line: 20
Info (12021): Found 2 design units, including 2 entities, in source file mux2_1.sv
    Info (12023): Found entity 1: mux2_1 File: C:/Users/heobi/Documents/School stuff/Classes/Junior/Fall/EE 469/Labs/Lab 3/mux2_1.sv Line: 3
    Info (12023): Found entity 2: mux2_1_testbench File: C:/Users/heobi/Documents/School stuff/Classes/Junior/Fall/EE 469/Labs/Lab 3/mux2_1.sv Line: 22
Info (12021): Found 2 design units, including 2 entities, in source file fulladder.sv
    Info (12023): Found entity 1: fulladder File: C:/Users/heobi/Documents/School stuff/Classes/Junior/Fall/EE 469/Labs/Lab 3/fulladder.sv Line: 3
    Info (12023): Found entity 2: fulladder_testbench File: C:/Users/heobi/Documents/School stuff/Classes/Junior/Fall/EE 469/Labs/Lab 3/fulladder.sv Line: 17
Info (12021): Found 2 design units, including 2 entities, in source file decoder5_32.sv
    Info (12023): Found entity 1: decoder5_32 File: C:/Users/heobi/Documents/School stuff/Classes/Junior/Fall/EE 469/Labs/Lab 3/decoder5_32.sv Line: 3
    Info (12023): Found entity 2: decoder5_32_testbench File: C:/Users/heobi/Documents/School stuff/Classes/Junior/Fall/EE 469/Labs/Lab 3/decoder5_32.sv Line: 21
Info (12021): Found 2 design units, including 2 entities, in source file decoder3_8.sv
    Info (12023): Found entity 1: decoder3_8 File: C:/Users/heobi/Documents/School stuff/Classes/Junior/Fall/EE 469/Labs/Lab 3/decoder3_8.sv Line: 3
    Info (12023): Found entity 2: decoder3_8_testbench File: C:/Users/heobi/Documents/School stuff/Classes/Junior/Fall/EE 469/Labs/Lab 3/decoder3_8.sv Line: 26
Info (12021): Found 2 design units, including 2 entities, in source file decoder2_4.sv
    Info (12023): Found entity 1: decoder2_4 File: C:/Users/heobi/Documents/School stuff/Classes/Junior/Fall/EE 469/Labs/Lab 3/decoder2_4.sv Line: 3
    Info (12023): Found entity 2: decoder2_4_testbench File: C:/Users/heobi/Documents/School stuff/Classes/Junior/Fall/EE 469/Labs/Lab 3/decoder2_4.sv Line: 20
Info (12021): Found 2 design units, including 2 entities, in source file decoder1_2.sv
    Info (12023): Found entity 1: decoder1_2 File: C:/Users/heobi/Documents/School stuff/Classes/Junior/Fall/EE 469/Labs/Lab 3/decoder1_2.sv Line: 3
    Info (12023): Found entity 2: decoder1_2_testbench File: C:/Users/heobi/Documents/School stuff/Classes/Junior/Fall/EE 469/Labs/Lab 3/decoder1_2.sv Line: 19
Info (12021): Found 2 design units, including 2 entities, in source file alu_slice.sv
    Info (12023): Found entity 1: alu_slice File: C:/Users/heobi/Documents/School stuff/Classes/Junior/Fall/EE 469/Labs/Lab 3/alu_slice.sv Line: 10
    Info (12023): Found entity 2: alu_slice_testbench File: C:/Users/heobi/Documents/School stuff/Classes/Junior/Fall/EE 469/Labs/Lab 3/alu_slice.sv Line: 37
Info (12021): Found 1 design units, including 1 entities, in source file alu.sv
    Info (12023): Found entity 1: alu File: C:/Users/heobi/Documents/School stuff/Classes/Junior/Fall/EE 469/Labs/Lab 3/alu.sv Line: 11
Info (12021): Found 2 design units, including 2 entities, in source file instructmem.sv
    Info (12023): Found entity 1: instructmem File: C:/Users/heobi/Documents/School stuff/Classes/Junior/Fall/EE 469/Labs/Lab 3/instructmem.sv Line: 17
    Info (12023): Found entity 2: instructmem_testbench File: C:/Users/heobi/Documents/School stuff/Classes/Junior/Fall/EE 469/Labs/Lab 3/instructmem.sv Line: 57
Info (12021): Found 2 design units, including 2 entities, in source file datamem.sv
    Info (12023): Found entity 1: datamem File: C:/Users/heobi/Documents/School stuff/Classes/Junior/Fall/EE 469/Labs/Lab 3/datamem.sv Line: 12
    Info (12023): Found entity 2: datamem_testbench File: C:/Users/heobi/Documents/School stuff/Classes/Junior/Fall/EE 469/Labs/Lab 3/datamem.sv Line: 70
Info (12021): Found 1 design units, including 1 entities, in source file d_ff.sv
    Info (12023): Found entity 1: D_FF File: C:/Users/heobi/Documents/School stuff/Classes/Junior/Fall/EE 469/Labs/Lab 3/D_FF.sv Line: 3
Info (12021): Found 1 design units, including 1 entities, in source file flag_register.sv
    Info (12023): Found entity 1: flag_register File: C:/Users/heobi/Documents/School stuff/Classes/Junior/Fall/EE 469/Labs/Lab 3/flag_register.sv Line: 4
Info (12021): Found 2 design units, including 2 entities, in source file sign_extend.sv
    Info (12023): Found entity 1: sign_extend File: C:/Users/heobi/Documents/School stuff/Classes/Junior/Fall/EE 469/Labs/Lab 3/sign_extend.sv Line: 3
    Info (12023): Found entity 2: sign_extend_testbench File: C:/Users/heobi/Documents/School stuff/Classes/Junior/Fall/EE 469/Labs/Lab 3/sign_extend.sv Line: 10
Info (12021): Found 2 design units, including 2 entities, in source file zero_extend.sv
    Info (12023): Found entity 1: zero_extend File: C:/Users/heobi/Documents/School stuff/Classes/Junior/Fall/EE 469/Labs/Lab 3/zero_extend.sv Line: 3
    Info (12023): Found entity 2: zero_extend_testbench File: C:/Users/heobi/Documents/School stuff/Classes/Junior/Fall/EE 469/Labs/Lab 3/zero_extend.sv Line: 10
Info (12021): Found 2 design units, including 2 entities, in source file fulladder_64bit.sv
    Info (12023): Found entity 1: fulladder_64bit File: C:/Users/heobi/Documents/School stuff/Classes/Junior/Fall/EE 469/Labs/Lab 3/fulladder_64bit.sv Line: 3
    Info (12023): Found entity 2: fulladder_64bit_testbench File: C:/Users/heobi/Documents/School stuff/Classes/Junior/Fall/EE 469/Labs/Lab 3/fulladder_64bit.sv Line: 19
Info (12021): Found 2 design units, including 2 entities, in source file mux2_1_64bit.sv
    Info (12023): Found entity 1: mux2_1_64bit File: C:/Users/heobi/Documents/School stuff/Classes/Junior/Fall/EE 469/Labs/Lab 3/mux2_1_64bit.sv Line: 3
    Info (12023): Found entity 2: mux2_1_64bit_testbench File: C:/Users/heobi/Documents/School stuff/Classes/Junior/Fall/EE 469/Labs/Lab 3/mux2_1_64bit.sv Line: 16
Info (12021): Found 2 design units, including 2 entities, in source file mux4_1_64bit.sv
    Info (12023): Found entity 1: mux4_1_64bit File: C:/Users/heobi/Documents/School stuff/Classes/Junior/Fall/EE 469/Labs/Lab 3/mux4_1_64bit.sv Line: 3
    Info (12023): Found entity 2: mux4_1_64bit_testbench File: C:/Users/heobi/Documents/School stuff/Classes/Junior/Fall/EE 469/Labs/Lab 3/mux4_1_64bit.sv Line: 16
Info (12021): Found 1 design units, including 1 entities, in source file pc.sv
    Info (12023): Found entity 1: pc File: C:/Users/heobi/Documents/School stuff/Classes/Junior/Fall/EE 469/Labs/Lab 3/pc.sv Line: 3
Info (12021): Found 1 design units, including 1 entities, in source file datapath.sv
    Info (12023): Found entity 1: datapath File: C:/Users/heobi/Documents/School stuff/Classes/Junior/Fall/EE 469/Labs/Lab 3/datapath.sv Line: 3
Info (12021): Found 2 design units, including 2 entities, in source file mov_shifter.sv
    Info (12023): Found entity 1: mov_shifter File: C:/Users/heobi/Documents/School stuff/Classes/Junior/Fall/EE 469/Labs/Lab 3/mov_shifter.sv Line: 3
    Info (12023): Found entity 2: mov_shifter_testbench File: C:/Users/heobi/Documents/School stuff/Classes/Junior/Fall/EE 469/Labs/Lab 3/mov_shifter.sv Line: 19
Info (12021): Found 1 design units, including 1 entities, in source file control_logic.sv
    Info (12023): Found entity 1: control_logic File: C:/Users/heobi/Documents/School stuff/Classes/Junior/Fall/EE 469/Labs/Lab 3/control_logic.sv Line: 3
Info (12021): Found 1 design units, including 1 entities, in source file cpu.sv
    Info (12023): Found entity 1: cpu File: C:/Users/heobi/Documents/School stuff/Classes/Junior/Fall/EE 469/Labs/Lab 3/cpu.sv Line: 3
Info (12021): Found 1 design units, including 1 entities, in source file cpustim.sv
    Info (12023): Found entity 1: cpustim File: C:/Users/heobi/Documents/School stuff/Classes/Junior/Fall/EE 469/Labs/Lab 3/cpustim.sv Line: 3
Info (12127): Elaborating entity "flag_register" for the top level hierarchy
Info (12128): Elaborating entity "mux2_1" for hierarchy "mux2_1:flag[0].m" File: C:/Users/heobi/Documents/School stuff/Classes/Junior/Fall/EE 469/Labs/Lab 3/flag_register.sv Line: 14
Info (12128): Elaborating entity "D_FF" for hierarchy "D_FF:flag[0].ff" File: C:/Users/heobi/Documents/School stuff/Classes/Junior/Fall/EE 469/Labs/Lab 3/flag_register.sv Line: 15
Info (144001): Generated suppressed messages file C:/Users/heobi/Documents/School stuff/Classes/Junior/Fall/EE 469/Labs/Lab 3/output_files/DE1_SoC.map.smsg
Info (16010): Generating hard_block partition "hard_block:auto_generated_inst"
    Info (16011): Adding 0 node(s), including 0 DDIO, 0 PLL, 0 transceiver and 0 LCELL
Info (21057): Implemented 11 device resources after synthesis - the final resource count might be different
    Info (21058): Implemented 7 input pins
    Info (21059): Implemented 4 output pins
Info: Quartus Prime Analysis & Synthesis was successful. 0 errors, 1 warning
    Info: Peak virtual memory: 4795 megabytes
    Info: Processing ended: Fri Nov 13 02:13:37 2020
    Info: Elapsed time: 00:00:12
    Info: Total CPU time (on all processors): 00:00:28


+------------------------------------------+
; Analysis & Synthesis Suppressed Messages ;
+------------------------------------------+
The suppressed messages can be found in C:/Users/heobi/Documents/School stuff/Classes/Junior/Fall/EE 469/Labs/Lab 3/output_files/DE1_SoC.map.smsg.


